mode: set
github.com/Jawadh-Salih/go-web-analyzer/cmd/main.go:13.13,20.36 4 0
github.com/Jawadh-Salih/go-web-analyzer/cmd/main.go:20.36,23.3 2 0
github.com/Jawadh-Salih/go-web-analyzer/cmd/main.go:25.2,31.38 6 0
github.com/Jawadh-Salih/go-web-analyzer/cmd/main.go:31.38,34.3 2 0
github.com/Jawadh-Salih/go-web-analyzer/cmd/main.go:35.2,35.42 1 0
github.com/Jawadh-Salih/go-web-analyzer/internal/observability/metrics.go:18.13,20.2 1 0
github.com/Jawadh-Salih/go-web-analyzer/internal/observability/metrics.go:22.52,24.2 1 0
github.com/Jawadh-Salih/go-web-analyzer/internal/logger/logger.go:11.25,17.2 2 0
github.com/Jawadh-Salih/go-web-analyzer/internal/logger/logger.go:19.74,21.2 1 0
github.com/Jawadh-Salih/go-web-analyzer/internal/logger/logger.go:23.52,24.59 1 0
github.com/Jawadh-Salih/go-web-analyzer/internal/logger/logger.go:24.59,26.3 1 0
github.com/Jawadh-Salih/go-web-analyzer/internal/logger/logger.go:28.2,28.14 1 0
github.com/Jawadh-Salih/go-web-analyzer/internal/server/router.go:14.36,15.36 1 1
github.com/Jawadh-Salih/go-web-analyzer/internal/server/router.go:15.36,24.22 3 1
github.com/Jawadh-Salih/go-web-analyzer/internal/server/router.go:24.22,26.4 1 1
github.com/Jawadh-Salih/go-web-analyzer/internal/server/router.go:28.3,29.11 2 1
github.com/Jawadh-Salih/go-web-analyzer/internal/server/router.go:33.53,34.19 1 1
github.com/Jawadh-Salih/go-web-analyzer/internal/server/router.go:34.19,36.3 1 0
github.com/Jawadh-Salih/go-web-analyzer/internal/server/router.go:38.2,38.41 1 1
github.com/Jawadh-Salih/go-web-analyzer/internal/server/router.go:38.41,40.3 1 0
github.com/Jawadh-Salih/go-web-analyzer/internal/server/router.go:42.2,45.57 2 1
github.com/Jawadh-Salih/go-web-analyzer/internal/server/router.go:48.49,51.33 3 0
github.com/Jawadh-Salih/go-web-analyzer/internal/server/router.go:51.33,57.3 3 0
github.com/Jawadh-Salih/go-web-analyzer/internal/server/router.go:60.2,63.16 4 0
github.com/Jawadh-Salih/go-web-analyzer/internal/server/router.go:63.16,71.3 3 0
github.com/Jawadh-Salih/go-web-analyzer/internal/server/router.go:73.2,73.31 1 0
github.com/Jawadh-Salih/go-web-analyzer/internal/server/router.go:76.42,77.40 1 0
github.com/Jawadh-Salih/go-web-analyzer/internal/server/router.go:77.40,78.33 1 0
github.com/Jawadh-Salih/go-web-analyzer/internal/server/router.go:78.33,80.4 1 0
github.com/Jawadh-Salih/go-web-analyzer/internal/server/router.go:82.2,82.11 1 0
github.com/Jawadh-Salih/go-web-analyzer/internal/server/server.go:19.72,41.2 9 1
github.com/Jawadh-Salih/go-web-analyzer/internal/server/server.go:43.32,45.2 1 1
github.com/Jawadh-Salih/go-web-analyzer/internal/server/server.go:47.50,51.2 2 1
github.com/Jawadh-Salih/go-web-analyzer/internal/analyzer/analyzer.go:42.87,49.16 4 1
github.com/Jawadh-Salih/go-web-analyzer/internal/analyzer/analyzer.go:49.16,52.3 2 1
github.com/Jawadh-Salih/go-web-analyzer/internal/analyzer/analyzer.go:55.2,60.16 3 1
github.com/Jawadh-Salih/go-web-analyzer/internal/analyzer/analyzer.go:60.16,62.3 1 0
github.com/Jawadh-Salih/go-web-analyzer/internal/analyzer/analyzer.go:64.2,65.38 2 1
github.com/Jawadh-Salih/go-web-analyzer/internal/analyzer/analyzer.go:65.38,68.3 2 1
github.com/Jawadh-Salih/go-web-analyzer/internal/analyzer/analyzer.go:70.2,71.16 2 1
github.com/Jawadh-Salih/go-web-analyzer/internal/analyzer/analyzer.go:71.16,75.3 2 0
github.com/Jawadh-Salih/go-web-analyzer/internal/analyzer/analyzer.go:78.2,78.69 1 1
github.com/Jawadh-Salih/go-web-analyzer/internal/analyzer/analyzer.go:78.69,82.3 3 1
github.com/Jawadh-Salih/go-web-analyzer/internal/analyzer/analyzer.go:84.2,85.16 2 1
github.com/Jawadh-Salih/go-web-analyzer/internal/analyzer/analyzer.go:85.16,88.3 2 0
github.com/Jawadh-Salih/go-web-analyzer/internal/analyzer/analyzer.go:92.2,97.12 4 1
github.com/Jawadh-Salih/go-web-analyzer/internal/analyzer/analyzer.go:97.12,103.24 6 1
github.com/Jawadh-Salih/go-web-analyzer/internal/analyzer/analyzer.go:103.24,107.4 3 0
github.com/Jawadh-Salih/go-web-analyzer/internal/analyzer/analyzer.go:109.3,123.30 6 1
github.com/Jawadh-Salih/go-web-analyzer/internal/analyzer/analyzer.go:127.2,139.12 5 1
github.com/Jawadh-Salih/go-web-analyzer/internal/analyzer/analyzer.go:139.12,142.3 2 1
github.com/Jawadh-Salih/go-web-analyzer/internal/analyzer/analyzer.go:144.2,144.30 1 1
github.com/Jawadh-Salih/go-web-analyzer/internal/analyzer/analyzer.go:144.30,145.21 1 1
github.com/Jawadh-Salih/go-web-analyzer/internal/analyzer/analyzer.go:145.21,147.12 2 0
github.com/Jawadh-Salih/go-web-analyzer/internal/analyzer/analyzer.go:148.9,149.29 1 1
github.com/Jawadh-Salih/go-web-analyzer/internal/analyzer/analyzer.go:149.29,151.5 1 1
github.com/Jawadh-Salih/go-web-analyzer/internal/analyzer/analyzer.go:152.4,152.27 1 1
github.com/Jawadh-Salih/go-web-analyzer/internal/analyzer/analyzer.go:152.27,154.5 1 1
github.com/Jawadh-Salih/go-web-analyzer/internal/analyzer/analyzer.go:155.4,155.29 1 1
github.com/Jawadh-Salih/go-web-analyzer/internal/analyzer/analyzer.go:155.29,157.5 1 1
github.com/Jawadh-Salih/go-web-analyzer/internal/analyzer/analyzer.go:158.4,158.26 1 1
github.com/Jawadh-Salih/go-web-analyzer/internal/analyzer/analyzer.go:158.26,160.5 1 1
github.com/Jawadh-Salih/go-web-analyzer/internal/analyzer/analyzer.go:161.4,161.24 1 1
github.com/Jawadh-Salih/go-web-analyzer/internal/analyzer/analyzer.go:161.24,163.5 1 1
github.com/Jawadh-Salih/go-web-analyzer/internal/analyzer/analyzer.go:168.2,168.21 1 1
github.com/Jawadh-Salih/go-web-analyzer/internal/analyzer/extract_headings.go:14.114,35.2 10 1
github.com/Jawadh-Salih/go-web-analyzer/internal/analyzer/extract_headings.go:37.50,43.30 4 1
github.com/Jawadh-Salih/go-web-analyzer/internal/analyzer/extract_headings.go:43.30,45.3 1 1
github.com/Jawadh-Salih/go-web-analyzer/internal/analyzer/extract_headings.go:47.2,47.22 1 1
github.com/Jawadh-Salih/go-web-analyzer/internal/analyzer/extract_links.go:17.129,33.31 12 1
github.com/Jawadh-Salih/go-web-analyzer/internal/analyzer/extract_links.go:33.31,36.3 2 1
github.com/Jawadh-Salih/go-web-analyzer/internal/analyzer/extract_links.go:39.2,39.23 1 1
github.com/Jawadh-Salih/go-web-analyzer/internal/analyzer/extract_links.go:39.23,41.3 1 1
github.com/Jawadh-Salih/go-web-analyzer/internal/analyzer/extract_links.go:43.2,57.29 6 1
github.com/Jawadh-Salih/go-web-analyzer/internal/analyzer/extract_links.go:60.52,62.34 1 1
github.com/Jawadh-Salih/go-web-analyzer/internal/analyzer/extract_links.go:62.34,64.3 1 1
github.com/Jawadh-Salih/go-web-analyzer/internal/analyzer/extract_links.go:66.2,66.19 1 1
github.com/Jawadh-Salih/go-web-analyzer/internal/analyzer/extract_links.go:69.95,71.26 2 1
github.com/Jawadh-Salih/go-web-analyzer/internal/analyzer/extract_links.go:71.26,72.34 1 1
github.com/Jawadh-Salih/go-web-analyzer/internal/analyzer/extract_links.go:72.34,73.26 1 1
github.com/Jawadh-Salih/go-web-analyzer/internal/analyzer/extract_links.go:73.26,76.19 2 1
github.com/Jawadh-Salih/go-web-analyzer/internal/analyzer/extract_links.go:76.19,78.14 1 0
github.com/Jawadh-Salih/go-web-analyzer/internal/analyzer/extract_links.go:82.5,82.25 1 1
github.com/Jawadh-Salih/go-web-analyzer/internal/analyzer/extract_links.go:82.25,84.6 1 1
github.com/Jawadh-Salih/go-web-analyzer/internal/analyzer/extract_links.go:88.5,97.7 4 1
github.com/Jawadh-Salih/go-web-analyzer/internal/analyzer/extract_login_form.go:14.115,33.2 9 1
github.com/Jawadh-Salih/go-web-analyzer/internal/analyzer/extract_login_form.go:35.41,40.29 4 1
github.com/Jawadh-Salih/go-web-analyzer/internal/analyzer/extract_login_form.go:40.29,41.34 1 1
github.com/Jawadh-Salih/go-web-analyzer/internal/analyzer/extract_login_form.go:41.34,42.52 1 1
github.com/Jawadh-Salih/go-web-analyzer/internal/analyzer/extract_login_form.go:42.52,44.5 1 1
github.com/Jawadh-Salih/go-web-analyzer/internal/analyzer/extract_login_form.go:46.4,46.76 1 1
github.com/Jawadh-Salih/go-web-analyzer/internal/analyzer/extract_login_form.go:46.76,48.5 1 1
github.com/Jawadh-Salih/go-web-analyzer/internal/analyzer/extract_login_form.go:52.2,52.44 1 1
github.com/Jawadh-Salih/go-web-analyzer/internal/analyzer/extract_title.go:14.111,34.2 10 1
github.com/Jawadh-Salih/go-web-analyzer/internal/analyzer/extract_title.go:36.39,40.20 3 1
github.com/Jawadh-Salih/go-web-analyzer/internal/analyzer/extract_title.go:40.20,41.77 1 1
github.com/Jawadh-Salih/go-web-analyzer/internal/analyzer/extract_title.go:41.77,42.35 1 1
github.com/Jawadh-Salih/go-web-analyzer/internal/analyzer/extract_title.go:42.35,44.5 1 1
github.com/Jawadh-Salih/go-web-analyzer/internal/analyzer/extract_title.go:48.2,48.11 1 0
github.com/Jawadh-Salih/go-web-analyzer/internal/analyzer/utils.go:12.48,14.15 1 1
github.com/Jawadh-Salih/go-web-analyzer/internal/analyzer/utils.go:14.15,16.3 1 1
github.com/Jawadh-Salih/go-web-analyzer/internal/analyzer/utils.go:18.2,19.32 2 1
github.com/Jawadh-Salih/go-web-analyzer/internal/analyzer/utils.go:19.32,21.3 1 1
github.com/Jawadh-Salih/go-web-analyzer/internal/analyzer/utils.go:23.2,24.16 2 1
github.com/Jawadh-Salih/go-web-analyzer/internal/analyzer/utils.go:24.16,26.3 1 0
github.com/Jawadh-Salih/go-web-analyzer/internal/analyzer/utils.go:28.2,28.46 1 1
github.com/Jawadh-Salih/go-web-analyzer/internal/analyzer/utils.go:28.46,30.3 1 0
github.com/Jawadh-Salih/go-web-analyzer/internal/analyzer/utils.go:32.2,32.20 1 1
github.com/Jawadh-Salih/go-web-analyzer/internal/analyzer/utils.go:35.47,37.9 2 1
github.com/Jawadh-Salih/go-web-analyzer/internal/analyzer/utils.go:38.50,39.17 1 1
github.com/Jawadh-Salih/go-web-analyzer/internal/analyzer/utils.go:40.99,41.34 1 1
github.com/Jawadh-Salih/go-web-analyzer/internal/analyzer/utils.go:42.86,43.28 1 1
github.com/Jawadh-Salih/go-web-analyzer/internal/analyzer/utils.go:44.99,45.34 1 1
github.com/Jawadh-Salih/go-web-analyzer/internal/analyzer/utils.go:46.93,47.28 1 1
github.com/Jawadh-Salih/go-web-analyzer/internal/analyzer/utils.go:48.10,49.19 1 1
github.com/Jawadh-Salih/go-web-analyzer/internal/analyzer/utils.go:53.81,57.35 1 1
github.com/Jawadh-Salih/go-web-analyzer/internal/analyzer/utils.go:57.35,59.34 1 1
github.com/Jawadh-Salih/go-web-analyzer/internal/analyzer/utils.go:59.34,60.25 1 1
github.com/Jawadh-Salih/go-web-analyzer/internal/analyzer/utils.go:60.25,62.5 1 1
github.com/Jawadh-Salih/go-web-analyzer/internal/analyzer/utils.go:67.2,67.72 1 1
github.com/Jawadh-Salih/go-web-analyzer/internal/analyzer/utils.go:67.72,69.3 1 1
