mode: set
github.com/Jawadh-Salih/go-web-analyzer/cmd/main.go:13.13,20.12 4 0
github.com/Jawadh-Salih/go-web-analyzer/cmd/main.go:20.12,21.37 1 0
github.com/Jawadh-Salih/go-web-analyzer/cmd/main.go:21.37,24.4 2 0
github.com/Jawadh-Salih/go-web-analyzer/cmd/main.go:27.2,33.38 6 0
github.com/Jawadh-Salih/go-web-analyzer/cmd/main.go:33.38,36.3 2 0
github.com/Jawadh-Salih/go-web-analyzer/cmd/main.go:37.2,37.42 1 0
github.com/Jawadh-Salih/go-web-analyzer/internal/logger/logger.go:8.25,14.2 2 0
github.com/Jawadh-Salih/go-web-analyzer/internal/analyzer/analyzer.go:39.87,45.16 3 1
github.com/Jawadh-Salih/go-web-analyzer/internal/analyzer/analyzer.go:45.16,47.3 1 1
github.com/Jawadh-Salih/go-web-analyzer/internal/analyzer/analyzer.go:50.2,55.16 3 1
github.com/Jawadh-Salih/go-web-analyzer/internal/analyzer/analyzer.go:55.16,57.3 1 0
github.com/Jawadh-Salih/go-web-analyzer/internal/analyzer/analyzer.go:59.2,60.38 2 1
github.com/Jawadh-Salih/go-web-analyzer/internal/analyzer/analyzer.go:60.38,62.3 1 1
github.com/Jawadh-Salih/go-web-analyzer/internal/analyzer/analyzer.go:64.2,65.16 2 1
github.com/Jawadh-Salih/go-web-analyzer/internal/analyzer/analyzer.go:65.16,67.3 1 0
github.com/Jawadh-Salih/go-web-analyzer/internal/analyzer/analyzer.go:70.2,70.69 1 1
github.com/Jawadh-Salih/go-web-analyzer/internal/analyzer/analyzer.go:70.69,72.3 1 1
github.com/Jawadh-Salih/go-web-analyzer/internal/analyzer/analyzer.go:74.2,75.16 2 1
github.com/Jawadh-Salih/go-web-analyzer/internal/analyzer/analyzer.go:75.16,77.3 1 0
github.com/Jawadh-Salih/go-web-analyzer/internal/analyzer/analyzer.go:81.2,86.12 4 1
github.com/Jawadh-Salih/go-web-analyzer/internal/analyzer/analyzer.go:86.12,90.24 4 1
github.com/Jawadh-Salih/go-web-analyzer/internal/analyzer/analyzer.go:90.24,93.4 2 0
github.com/Jawadh-Salih/go-web-analyzer/internal/analyzer/analyzer.go:95.3,96.53 2 1
github.com/Jawadh-Salih/go-web-analyzer/internal/analyzer/analyzer.go:100.2,101.12 2 1
github.com/Jawadh-Salih/go-web-analyzer/internal/analyzer/analyzer.go:101.12,105.3 3 1
github.com/Jawadh-Salih/go-web-analyzer/internal/analyzer/analyzer.go:108.2,109.12 2 1
github.com/Jawadh-Salih/go-web-analyzer/internal/analyzer/analyzer.go:109.12,115.3 4 1
github.com/Jawadh-Salih/go-web-analyzer/internal/analyzer/analyzer.go:118.2,119.12 2 1
github.com/Jawadh-Salih/go-web-analyzer/internal/analyzer/analyzer.go:119.12,124.22 4 1
github.com/Jawadh-Salih/go-web-analyzer/internal/analyzer/analyzer.go:124.22,127.4 2 1
github.com/Jawadh-Salih/go-web-analyzer/internal/analyzer/analyzer.go:129.3,133.32 4 0
github.com/Jawadh-Salih/go-web-analyzer/internal/analyzer/analyzer.go:133.32,139.4 2 0
github.com/Jawadh-Salih/go-web-analyzer/internal/analyzer/analyzer.go:142.3,142.24 1 0
github.com/Jawadh-Salih/go-web-analyzer/internal/analyzer/analyzer.go:142.24,144.4 1 0
github.com/Jawadh-Salih/go-web-analyzer/internal/analyzer/analyzer.go:146.3,149.47 3 0
github.com/Jawadh-Salih/go-web-analyzer/internal/analyzer/analyzer.go:153.2,154.12 2 1
github.com/Jawadh-Salih/go-web-analyzer/internal/analyzer/analyzer.go:154.12,159.3 4 1
github.com/Jawadh-Salih/go-web-analyzer/internal/analyzer/analyzer.go:162.2,162.12 1 1
github.com/Jawadh-Salih/go-web-analyzer/internal/analyzer/analyzer.go:162.12,165.3 2 1
github.com/Jawadh-Salih/go-web-analyzer/internal/analyzer/analyzer.go:167.2,167.30 1 1
github.com/Jawadh-Salih/go-web-analyzer/internal/analyzer/analyzer.go:167.30,168.21 1 1
github.com/Jawadh-Salih/go-web-analyzer/internal/analyzer/analyzer.go:168.21,170.12 2 1
github.com/Jawadh-Salih/go-web-analyzer/internal/analyzer/analyzer.go:171.9,172.29 1 1
github.com/Jawadh-Salih/go-web-analyzer/internal/analyzer/analyzer.go:172.29,174.5 1 1
github.com/Jawadh-Salih/go-web-analyzer/internal/analyzer/analyzer.go:175.4,175.27 1 1
github.com/Jawadh-Salih/go-web-analyzer/internal/analyzer/analyzer.go:175.27,177.5 1 1
github.com/Jawadh-Salih/go-web-analyzer/internal/analyzer/analyzer.go:178.4,178.29 1 1
github.com/Jawadh-Salih/go-web-analyzer/internal/analyzer/analyzer.go:178.29,180.5 1 0
github.com/Jawadh-Salih/go-web-analyzer/internal/analyzer/analyzer.go:181.4,181.26 1 1
github.com/Jawadh-Salih/go-web-analyzer/internal/analyzer/analyzer.go:181.26,183.5 1 0
github.com/Jawadh-Salih/go-web-analyzer/internal/analyzer/analyzer.go:187.2,187.21 1 1
github.com/Jawadh-Salih/go-web-analyzer/internal/analyzer/utils.go:14.48,15.15 1 1
github.com/Jawadh-Salih/go-web-analyzer/internal/analyzer/utils.go:15.15,17.3 1 1
github.com/Jawadh-Salih/go-web-analyzer/internal/analyzer/utils.go:19.2,20.16 2 1
github.com/Jawadh-Salih/go-web-analyzer/internal/analyzer/utils.go:20.16,22.3 1 0
github.com/Jawadh-Salih/go-web-analyzer/internal/analyzer/utils.go:24.2,24.46 1 1
github.com/Jawadh-Salih/go-web-analyzer/internal/analyzer/utils.go:24.46,26.3 1 1
github.com/Jawadh-Salih/go-web-analyzer/internal/analyzer/utils.go:28.2,28.20 1 1
github.com/Jawadh-Salih/go-web-analyzer/internal/analyzer/utils.go:31.47,33.9 2 1
github.com/Jawadh-Salih/go-web-analyzer/internal/analyzer/utils.go:34.50,35.17 1 1
github.com/Jawadh-Salih/go-web-analyzer/internal/analyzer/utils.go:36.57,37.34 1 0
github.com/Jawadh-Salih/go-web-analyzer/internal/analyzer/utils.go:38.51,39.28 1 0
github.com/Jawadh-Salih/go-web-analyzer/internal/analyzer/utils.go:40.57,41.34 1 0
github.com/Jawadh-Salih/go-web-analyzer/internal/analyzer/utils.go:42.51,43.28 1 0
github.com/Jawadh-Salih/go-web-analyzer/internal/analyzer/utils.go:44.44,45.21 1 0
github.com/Jawadh-Salih/go-web-analyzer/internal/analyzer/utils.go:46.10,47.19 1 1
github.com/Jawadh-Salih/go-web-analyzer/internal/analyzer/utils.go:51.39,52.59 1 1
github.com/Jawadh-Salih/go-web-analyzer/internal/analyzer/utils.go:52.59,53.73 1 1
github.com/Jawadh-Salih/go-web-analyzer/internal/analyzer/utils.go:53.73,54.35 1 1
github.com/Jawadh-Salih/go-web-analyzer/internal/analyzer/utils.go:54.35,56.5 1 1
github.com/Jawadh-Salih/go-web-analyzer/internal/analyzer/utils.go:60.2,60.72 1 1
github.com/Jawadh-Salih/go-web-analyzer/internal/analyzer/utils.go:60.72,61.44 1 1
github.com/Jawadh-Salih/go-web-analyzer/internal/analyzer/utils.go:61.44,63.4 1 1
github.com/Jawadh-Salih/go-web-analyzer/internal/analyzer/utils.go:67.2,67.11 1 1
github.com/Jawadh-Salih/go-web-analyzer/internal/analyzer/utils.go:70.65,72.81 1 1
github.com/Jawadh-Salih/go-web-analyzer/internal/analyzer/utils.go:72.81,74.31 2 0
github.com/Jawadh-Salih/go-web-analyzer/internal/analyzer/utils.go:74.31,76.4 1 0
github.com/Jawadh-Salih/go-web-analyzer/internal/analyzer/utils.go:80.2,80.56 1 1
github.com/Jawadh-Salih/go-web-analyzer/internal/analyzer/utils.go:80.56,82.3 1 1
github.com/Jawadh-Salih/go-web-analyzer/internal/analyzer/utils.go:85.65,88.80 1 1
github.com/Jawadh-Salih/go-web-analyzer/internal/analyzer/utils.go:88.80,90.34 1 0
github.com/Jawadh-Salih/go-web-analyzer/internal/analyzer/utils.go:90.34,91.26 1 0
github.com/Jawadh-Salih/go-web-analyzer/internal/analyzer/utils.go:91.26,94.19 2 0
github.com/Jawadh-Salih/go-web-analyzer/internal/analyzer/utils.go:94.19,96.14 2 0
github.com/Jawadh-Salih/go-web-analyzer/internal/analyzer/utils.go:100.5,100.25 1 0
github.com/Jawadh-Salih/go-web-analyzer/internal/analyzer/utils.go:100.25,102.6 1 0
github.com/Jawadh-Salih/go-web-analyzer/internal/analyzer/utils.go:108.5,111.7 1 0
github.com/Jawadh-Salih/go-web-analyzer/internal/analyzer/utils.go:116.2,116.72 1 1
github.com/Jawadh-Salih/go-web-analyzer/internal/analyzer/utils.go:116.72,118.3 1 1
github.com/Jawadh-Salih/go-web-analyzer/internal/analyzer/utils.go:121.52,123.34 1 0
github.com/Jawadh-Salih/go-web-analyzer/internal/analyzer/utils.go:123.34,125.3 1 0
github.com/Jawadh-Salih/go-web-analyzer/internal/analyzer/utils.go:127.2,127.19 1 0
github.com/Jawadh-Salih/go-web-analyzer/internal/analyzer/utils.go:130.56,133.26 2 0
github.com/Jawadh-Salih/go-web-analyzer/internal/analyzer/utils.go:133.26,137.17 3 0
github.com/Jawadh-Salih/go-web-analyzer/internal/analyzer/utils.go:137.17,141.4 1 0
github.com/Jawadh-Salih/go-web-analyzer/internal/analyzer/utils.go:141.9,144.4 2 0
github.com/Jawadh-Salih/go-web-analyzer/internal/analyzer/utils.go:148.82,153.59 1 1
github.com/Jawadh-Salih/go-web-analyzer/internal/analyzer/utils.go:153.59,154.34 1 0
github.com/Jawadh-Salih/go-web-analyzer/internal/analyzer/utils.go:154.34,155.52 1 0
github.com/Jawadh-Salih/go-web-analyzer/internal/analyzer/utils.go:155.52,158.5 1 0
github.com/Jawadh-Salih/go-web-analyzer/internal/analyzer/utils.go:160.4,160.76 1 0
github.com/Jawadh-Salih/go-web-analyzer/internal/analyzer/utils.go:160.76,162.5 1 0
github.com/Jawadh-Salih/go-web-analyzer/internal/analyzer/utils.go:165.3,165.44 1 0
github.com/Jawadh-Salih/go-web-analyzer/internal/analyzer/utils.go:165.44,167.4 1 0
github.com/Jawadh-Salih/go-web-analyzer/internal/analyzer/utils.go:171.2,171.72 1 1
github.com/Jawadh-Salih/go-web-analyzer/internal/analyzer/utils.go:171.72,172.61 1 1
github.com/Jawadh-Salih/go-web-analyzer/internal/analyzer/utils.go:172.61,174.4 1 0
github.com/Jawadh-Salih/go-web-analyzer/internal/analyzer/utils.go:177.2,177.46 1 1
github.com/Jawadh-Salih/go-web-analyzer/internal/server/router.go:11.36,12.36 1 1
github.com/Jawadh-Salih/go-web-analyzer/internal/server/router.go:12.36,20.3 2 1
github.com/Jawadh-Salih/go-web-analyzer/internal/server/router.go:23.53,24.19 1 1
github.com/Jawadh-Salih/go-web-analyzer/internal/server/router.go:24.19,26.3 1 0
github.com/Jawadh-Salih/go-web-analyzer/internal/server/router.go:28.2,28.41 1 1
github.com/Jawadh-Salih/go-web-analyzer/internal/server/router.go:28.41,30.3 1 0
github.com/Jawadh-Salih/go-web-analyzer/internal/server/router.go:32.2,32.45 1 1
github.com/Jawadh-Salih/go-web-analyzer/internal/server/router.go:35.49,38.33 3 0
github.com/Jawadh-Salih/go-web-analyzer/internal/server/router.go:38.33,44.3 3 0
github.com/Jawadh-Salih/go-web-analyzer/internal/server/router.go:46.2,47.16 2 0
github.com/Jawadh-Salih/go-web-analyzer/internal/server/router.go:47.16,53.3 3 0
github.com/Jawadh-Salih/go-web-analyzer/internal/server/router.go:55.2,55.31 1 0
github.com/Jawadh-Salih/go-web-analyzer/internal/server/server.go:19.72,41.2 9 1
github.com/Jawadh-Salih/go-web-analyzer/internal/server/server.go:43.32,45.2 1 1
github.com/Jawadh-Salih/go-web-analyzer/internal/server/server.go:47.50,51.2 2 1
